<?xml version="1.0" encoding="UTF-8" ?>
<testsuite failures="0" time="0.472" errors="0" skipped="0" tests="1" name="TestSuite">
  <properties>
    <property name="java.runtime.name" value="OpenJDK Runtime Environment"/>
    <property name="sun.boot.library.path" value="/usr/lib/jvm/java-7-openjdk-amd64/jre/lib/amd64"/>
    <property name="java.vm.version" value="24.95-b01"/>
    <property name="java.vm.vendor" value="Oracle Corporation"/>
    <property name="java.vendor.url" value="http://java.oracle.com/"/>
    <property name="path.separator" value=":"/>
    <property name="java.vm.name" value="OpenJDK 64-Bit Server VM"/>
    <property name="file.encoding.pkg" value="sun.io"/>
    <property name="user.country" value="PL"/>
    <property name="sun.java.launcher" value="SUN_STANDARD"/>
    <property name="sun.os.patch.level" value="unknown"/>
    <property name="java.vm.specification.name" value="Java Virtual Machine Specification"/>
    <property name="user.dir" value="/home/sengir/Dokumenty/Projekty/Studio_Projektowe/asl/asl-console/asl-console-ejb"/>
    <property name="java.runtime.version" value="1.7.0_95-b00"/>
    <property name="java.awt.graphicsenv" value="sun.awt.X11GraphicsEnvironment"/>
    <property name="basedir" value="/home/sengir/Dokumenty/Projekty/Studio_Projektowe/asl/asl-console/asl-console-ejb"/>
    <property name="java.endorsed.dirs" value="/usr/lib/jvm/java-7-openjdk-amd64/jre/lib/endorsed"/>
    <property name="os.arch" value="amd64"/>
    <property name="surefire.real.class.path" value="/tmp/surefirebooter5194580739356960622.jar"/>
    <property name="java.io.tmpdir" value="/tmp"/>
    <property name="line.separator" value="
"/>
    <property name="java.vm.specification.vendor" value="Oracle Corporation"/>
    <property name="os.name" value="Linux"/>
    <property name="sun.jnu.encoding" value="UTF-8"/>
    <property name="java.library.path" value="/usr/java/packages/lib/amd64:/usr/lib/x86_64-linux-gnu/jni:/lib/x86_64-linux-gnu:/usr/lib/x86_64-linux-gnu:/usr/lib/jni:/lib:/usr/lib"/>
    <property name="surefire.test.class.path" value="/home/sengir/Dokumenty/Projekty/Studio_Projektowe/asl/asl-console/asl-console-ejb/target/test-classes:/home/sengir/Dokumenty/Projekty/Studio_Projektowe/asl/asl-console/asl-console-ejb/target/classes:/home/sengir/.m2/repository/org/jboss/spec/javax/ejb/jboss-ejb-api_3.1_spec/1.0.1.Final/jboss-ejb-api_3.1_spec-1.0.1.Final.jar:/home/sengir/.m2/repository/javax/enterprise/cdi-api/1.0-SP4/cdi-api-1.0-SP4.jar:/home/sengir/.m2/repository/org/jboss/spec/javax/interceptor/jboss-interceptors-api_1.1_spec/1.0.0.Final/jboss-interceptors-api_1.1_spec-1.0.0.Final.jar:/home/sengir/.m2/repository/javax/inject/javax.inject/1/javax.inject-1.jar:/home/sengir/.m2/repository/org/hibernate/javax/persistence/hibernate-jpa-2.0-api/1.0.1.Final/hibernate-jpa-2.0-api-1.0.1.Final.jar:/home/sengir/.m2/repository/org/hibernate/hibernate-validator/4.1.0.Final/hibernate-validator-4.1.0.Final.jar:/home/sengir/.m2/repository/javax/validation/validation-api/1.0.0.GA/validation-api-1.0.0.GA.jar:/home/sengir/.m2/repository/junit/junit/4.10/junit-4.10.jar:/home/sengir/.m2/repository/org/hamcrest/hamcrest-core/1.1/hamcrest-core-1.1.jar:/home/sengir/.m2/repository/org/jboss/arquillian/junit/arquillian-junit-container/1.0.0.CR4/arquillian-junit-container-1.0.0.CR4.jar:/home/sengir/.m2/repository/org/jboss/arquillian/junit/arquillian-junit-core/1.0.0.CR4/arquillian-junit-core-1.0.0.CR4.jar:/home/sengir/.m2/repository/org/jboss/arquillian/test/arquillian-test-api/1.0.0.CR4/arquillian-test-api-1.0.0.CR4.jar:/home/sengir/.m2/repository/org/jboss/arquillian/core/arquillian-core-api/1.0.0.CR4/arquillian-core-api-1.0.0.CR4.jar:/home/sengir/.m2/repository/org/jboss/arquillian/test/arquillian-test-spi/1.0.0.CR4/arquillian-test-spi-1.0.0.CR4.jar:/home/sengir/.m2/repository/org/jboss/arquillian/core/arquillian-core-spi/1.0.0.CR4/arquillian-core-spi-1.0.0.CR4.jar:/home/sengir/.m2/repository/org/jboss/shrinkwrap/shrinkwrap-api/1.0.0-beta-5/shrinkwrap-api-1.0.0-beta-5.jar:/home/sengir/.m2/repository/org/jboss/arquillian/container/arquillian-container-test-api/1.0.0.CR4/arquillian-container-test-api-1.0.0.CR4.jar:/home/sengir/.m2/repository/org/jboss/arquillian/container/arquillian-container-test-spi/1.0.0.CR4/arquillian-container-test-spi-1.0.0.CR4.jar:/home/sengir/.m2/repository/org/jboss/arquillian/container/arquillian-container-spi/1.0.0.CR4/arquillian-container-spi-1.0.0.CR4.jar:/home/sengir/.m2/repository/org/jboss/shrinkwrap/descriptors/shrinkwrap-descriptors-api/1.1.0-alpha-2/shrinkwrap-descriptors-api-1.1.0-alpha-2.jar:/home/sengir/.m2/repository/org/jboss/arquillian/core/arquillian-core-impl-base/1.0.0.CR4/arquillian-core-impl-base-1.0.0.CR4.jar:/home/sengir/.m2/repository/org/jboss/arquillian/test/arquillian-test-impl-base/1.0.0.CR4/arquillian-test-impl-base-1.0.0.CR4.jar:/home/sengir/.m2/repository/org/jboss/arquillian/container/arquillian-container-impl-base/1.0.0.CR4/arquillian-container-impl-base-1.0.0.CR4.jar:/home/sengir/.m2/repository/org/jboss/arquillian/config/arquillian-config-api/1.0.0.CR4/arquillian-config-api-1.0.0.CR4.jar:/home/sengir/.m2/repository/org/jboss/arquillian/config/arquillian-config-impl-base/1.0.0.CR4/arquillian-config-impl-base-1.0.0.CR4.jar:/home/sengir/.m2/repository/org/jboss/shrinkwrap/descriptors/shrinkwrap-descriptors-spi/1.1.0-alpha-2/shrinkwrap-descriptors-spi-1.1.0-alpha-2.jar:/home/sengir/.m2/repository/org/jboss/arquillian/container/arquillian-container-test-impl-base/1.0.0.CR4/arquillian-container-test-impl-base-1.0.0.CR4.jar:/home/sengir/.m2/repository/org/jboss/shrinkwrap/shrinkwrap-impl-base/1.0.0-beta-5/shrinkwrap-impl-base-1.0.0-beta-5.jar:/home/sengir/.m2/repository/org/jboss/shrinkwrap/shrinkwrap-spi/1.0.0-beta-5/shrinkwrap-spi-1.0.0-beta-5.jar:/home/sengir/.m2/repository/org/testng/testng/6.8/testng-6.8.jar:/home/sengir/.m2/repository/org/beanshell/bsh/2.0b4/bsh-2.0b4.jar:/home/sengir/.m2/repository/com/beust/jcommander/1.27/jcommander-1.27.jar:/home/sengir/.m2/repository/org/yaml/snakeyaml/1.6/snakeyaml-1.6.jar:/home/sengir/.m2/repository/org/mockito/mockito-all/1.9.5/mockito-all-1.9.5.jar:/home/sengir/.m2/repository/org/powermock/powermock-api-mockito/1.6.4/powermock-api-mockito-1.6.4.jar:/home/sengir/.m2/repository/org/mockito/mockito-core/1.10.19/mockito-core-1.10.19.jar:/home/sengir/.m2/repository/org/objenesis/objenesis/2.1/objenesis-2.1.jar:/home/sengir/.m2/repository/org/powermock/powermock-api-support/1.6.4/powermock-api-support-1.6.4.jar:/home/sengir/.m2/repository/org/powermock/powermock-core/1.6.4/powermock-core-1.6.4.jar:/home/sengir/.m2/repository/org/javassist/javassist/3.20.0-GA/javassist-3.20.0-GA.jar:/home/sengir/.m2/repository/org/powermock/powermock-reflect/1.6.4/powermock-reflect-1.6.4.jar:"/>
    <property name="java.specification.name" value="Java Platform API Specification"/>
    <property name="java.class.version" value="51.0"/>
    <property name="sun.management.compiler" value="HotSpot 64-Bit Tiered Compilers"/>
    <property name="os.version" value="3.2.0-101-generic"/>
    <property name="user.home" value="/home/sengir"/>
    <property name="user.timezone" value="Europe/Warsaw"/>
    <property name="java.awt.printerjob" value="sun.print.PSPrinterJob"/>
    <property name="file.encoding" value="UTF-8"/>
    <property name="java.specification.version" value="1.7"/>
    <property name="user.name" value="sengir"/>
    <property name="java.class.path" value="/home/sengir/Dokumenty/Projekty/Studio_Projektowe/asl/asl-console/asl-console-ejb/target/test-classes:/home/sengir/Dokumenty/Projekty/Studio_Projektowe/asl/asl-console/asl-console-ejb/target/classes:/home/sengir/.m2/repository/org/jboss/spec/javax/ejb/jboss-ejb-api_3.1_spec/1.0.1.Final/jboss-ejb-api_3.1_spec-1.0.1.Final.jar:/home/sengir/.m2/repository/javax/enterprise/cdi-api/1.0-SP4/cdi-api-1.0-SP4.jar:/home/sengir/.m2/repository/org/jboss/spec/javax/interceptor/jboss-interceptors-api_1.1_spec/1.0.0.Final/jboss-interceptors-api_1.1_spec-1.0.0.Final.jar:/home/sengir/.m2/repository/javax/inject/javax.inject/1/javax.inject-1.jar:/home/sengir/.m2/repository/org/hibernate/javax/persistence/hibernate-jpa-2.0-api/1.0.1.Final/hibernate-jpa-2.0-api-1.0.1.Final.jar:/home/sengir/.m2/repository/org/hibernate/hibernate-validator/4.1.0.Final/hibernate-validator-4.1.0.Final.jar:/home/sengir/.m2/repository/javax/validation/validation-api/1.0.0.GA/validation-api-1.0.0.GA.jar:/home/sengir/.m2/repository/junit/junit/4.10/junit-4.10.jar:/home/sengir/.m2/repository/org/hamcrest/hamcrest-core/1.1/hamcrest-core-1.1.jar:/home/sengir/.m2/repository/org/jboss/arquillian/junit/arquillian-junit-container/1.0.0.CR4/arquillian-junit-container-1.0.0.CR4.jar:/home/sengir/.m2/repository/org/jboss/arquillian/junit/arquillian-junit-core/1.0.0.CR4/arquillian-junit-core-1.0.0.CR4.jar:/home/sengir/.m2/repository/org/jboss/arquillian/test/arquillian-test-api/1.0.0.CR4/arquillian-test-api-1.0.0.CR4.jar:/home/sengir/.m2/repository/org/jboss/arquillian/core/arquillian-core-api/1.0.0.CR4/arquillian-core-api-1.0.0.CR4.jar:/home/sengir/.m2/repository/org/jboss/arquillian/test/arquillian-test-spi/1.0.0.CR4/arquillian-test-spi-1.0.0.CR4.jar:/home/sengir/.m2/repository/org/jboss/arquillian/core/arquillian-core-spi/1.0.0.CR4/arquillian-core-spi-1.0.0.CR4.jar:/home/sengir/.m2/repository/org/jboss/shrinkwrap/shrinkwrap-api/1.0.0-beta-5/shrinkwrap-api-1.0.0-beta-5.jar:/home/sengir/.m2/repository/org/jboss/arquillian/container/arquillian-container-test-api/1.0.0.CR4/arquillian-container-test-api-1.0.0.CR4.jar:/home/sengir/.m2/repository/org/jboss/arquillian/container/arquillian-container-test-spi/1.0.0.CR4/arquillian-container-test-spi-1.0.0.CR4.jar:/home/sengir/.m2/repository/org/jboss/arquillian/container/arquillian-container-spi/1.0.0.CR4/arquillian-container-spi-1.0.0.CR4.jar:/home/sengir/.m2/repository/org/jboss/shrinkwrap/descriptors/shrinkwrap-descriptors-api/1.1.0-alpha-2/shrinkwrap-descriptors-api-1.1.0-alpha-2.jar:/home/sengir/.m2/repository/org/jboss/arquillian/core/arquillian-core-impl-base/1.0.0.CR4/arquillian-core-impl-base-1.0.0.CR4.jar:/home/sengir/.m2/repository/org/jboss/arquillian/test/arquillian-test-impl-base/1.0.0.CR4/arquillian-test-impl-base-1.0.0.CR4.jar:/home/sengir/.m2/repository/org/jboss/arquillian/container/arquillian-container-impl-base/1.0.0.CR4/arquillian-container-impl-base-1.0.0.CR4.jar:/home/sengir/.m2/repository/org/jboss/arquillian/config/arquillian-config-api/1.0.0.CR4/arquillian-config-api-1.0.0.CR4.jar:/home/sengir/.m2/repository/org/jboss/arquillian/config/arquillian-config-impl-base/1.0.0.CR4/arquillian-config-impl-base-1.0.0.CR4.jar:/home/sengir/.m2/repository/org/jboss/shrinkwrap/descriptors/shrinkwrap-descriptors-spi/1.1.0-alpha-2/shrinkwrap-descriptors-spi-1.1.0-alpha-2.jar:/home/sengir/.m2/repository/org/jboss/arquillian/container/arquillian-container-test-impl-base/1.0.0.CR4/arquillian-container-test-impl-base-1.0.0.CR4.jar:/home/sengir/.m2/repository/org/jboss/shrinkwrap/shrinkwrap-impl-base/1.0.0-beta-5/shrinkwrap-impl-base-1.0.0-beta-5.jar:/home/sengir/.m2/repository/org/jboss/shrinkwrap/shrinkwrap-spi/1.0.0-beta-5/shrinkwrap-spi-1.0.0-beta-5.jar:/home/sengir/.m2/repository/org/testng/testng/6.8/testng-6.8.jar:/home/sengir/.m2/repository/org/beanshell/bsh/2.0b4/bsh-2.0b4.jar:/home/sengir/.m2/repository/com/beust/jcommander/1.27/jcommander-1.27.jar:/home/sengir/.m2/repository/org/yaml/snakeyaml/1.6/snakeyaml-1.6.jar:/home/sengir/.m2/repository/org/mockito/mockito-all/1.9.5/mockito-all-1.9.5.jar:/home/sengir/.m2/repository/org/powermock/powermock-api-mockito/1.6.4/powermock-api-mockito-1.6.4.jar:/home/sengir/.m2/repository/org/mockito/mockito-core/1.10.19/mockito-core-1.10.19.jar:/home/sengir/.m2/repository/org/objenesis/objenesis/2.1/objenesis-2.1.jar:/home/sengir/.m2/repository/org/powermock/powermock-api-support/1.6.4/powermock-api-support-1.6.4.jar:/home/sengir/.m2/repository/org/powermock/powermock-core/1.6.4/powermock-core-1.6.4.jar:/home/sengir/.m2/repository/org/javassist/javassist/3.20.0-GA/javassist-3.20.0-GA.jar:/home/sengir/.m2/repository/org/powermock/powermock-reflect/1.6.4/powermock-reflect-1.6.4.jar:"/>
    <property name="java.vm.specification.version" value="1.7"/>
    <property name="sun.arch.data.model" value="64"/>
    <property name="java.home" value="/usr/lib/jvm/java-7-openjdk-amd64/jre"/>
    <property name="sun.java.command" value="/tmp/surefirebooter5194580739356960622.jar /tmp/surefire5884894996405910452tmp /tmp/surefire5823911602398461595tmp"/>
    <property name="java.specification.vendor" value="Oracle Corporation"/>
    <property name="user.language" value="pl"/>
    <property name="awt.toolkit" value="sun.awt.X11.XToolkit"/>
    <property name="java.vm.info" value="mixed mode"/>
    <property name="java.version" value="1.7.0_95"/>
    <property name="java.ext.dirs" value="/usr/lib/jvm/java-7-openjdk-amd64/jre/lib/ext:/usr/java/packages/lib/ext"/>
    <property name="sun.boot.class.path" value="/usr/lib/jvm/java-7-openjdk-amd64/jre/lib/resources.jar:/usr/lib/jvm/java-7-openjdk-amd64/jre/lib/rt.jar:/usr/lib/jvm/java-7-openjdk-amd64/jre/lib/sunrsasign.jar:/usr/lib/jvm/java-7-openjdk-amd64/jre/lib/jsse.jar:/usr/lib/jvm/java-7-openjdk-amd64/jre/lib/jce.jar:/usr/lib/jvm/java-7-openjdk-amd64/jre/lib/charsets.jar:/usr/lib/jvm/java-7-openjdk-amd64/jre/lib/rhino.jar:/usr/lib/jvm/java-7-openjdk-amd64/jre/lib/jfr.jar:/usr/lib/jvm/java-7-openjdk-amd64/jre/classes"/>
    <property name="java.vendor" value="Oracle Corporation"/>
    <property name="localRepository" value="/home/sengir/.m2/repository"/>
    <property name="file.separator" value="/"/>
    <property name="java.vendor.url.bug" value="http://bugreport.sun.com/bugreport/"/>
    <property name="sun.cpu.endian" value="little"/>
    <property name="sun.io.unicode.encoding" value="UnicodeLittle"/>
    <property name="sun.desktop" value="gnome"/>
    <property name="sun.cpu.isalist" value=""/>
  </properties>
  <testcase time="0.002" classname="asl.util.MockDataGeneratorTest" name="testGetData"/>
</testsuite>