<?xml version="1.0" encoding="UTF-8"?>
<!-- Generated by org.testng.reporters.JUnitReportReporter -->
<testsuite hostname="icegarden" name="asl.util.MockDataGeneratorTest" tests="1" failures="0" timestamp="19 Apr 2016 15:36:28 GMT" time="0.001" errors="0">
  <testcase name="testGetData" time="0.001" classname="asl.util.MockDataGeneratorTest"/>
</testsuite> <!-- asl.util.MockDataGeneratorTest -->
